<?xml version="1.0" encoding="UTF-8"?>
<!-- Generated by org.testng.reporters.JUnitReportReporter -->
<testsuite hostname="DESKTOP-Q1BOVCQ" failures="0" tests="1" name="coreJavaPractice.Inheritance.Childclass1" time="0.007" errors="0" timestamp="2024-12-19T09:18:03 IST" skipped="0">
  <testcase classname="coreJavaPractice.Inheritance.Childclass1" name="childTest" time="0.007"/>
</testsuite> <!-- coreJavaPractice.Inheritance.Childclass1 -->
