<?xml version="1.0" encoding="UTF-8"?>
<!-- Generated by org.testng.reporters.JUnitReportReporter -->
<testsuite hostname="DESKTOP-Q1BOVCQ" failures="0" tests="2" name="seleniumQA.relativeLocatorTest" time="4.725" errors="0" timestamp="2024-12-15T19:31:11 IST" skipped="1">
  <testcase classname="seleniumQA.relativeLocatorTest" name="invokingMultipleWindowsTest" time="4.725"/>
  <testcase classname="seleniumQA.relativeLocatorTest" name="relativeLocatorTest_TC01">
    <skipped/>
  </testcase> <!-- relativeLocatorTest_TC01 -->
</testsuite> <!-- seleniumQA.relativeLocatorTest -->
