<?xml version="1.0" encoding="UTF-8"?>
<!-- Generated by org.testng.reporters.JUnitReportReporter -->
<testsuite hostname="DESKTOP-Q1BOVCQ" failures="0" tests="1" name="seleniumFrameworkPractice.refactor.tests.UploadDownloadTest" time="11.407" errors="0" timestamp="2025-01-23T20:09:50 IST" skipped="0">
  <testcase classname="seleniumFrameworkPractice.refactor.tests.UploadDownloadTest" name="Sampletest" time="11.407"/>
</testsuite> <!-- seleniumFrameworkPractice.refactor.tests.UploadDownloadTest -->
