<?xml version="1.0" encoding="UTF-8"?>
<!-- Generated by org.testng.reporters.JUnitReportReporter -->
<testsuite hostname="DESKTOP-Q1BOVCQ" failures="0" tests="1" name="seleniumQA.WebTablesSortTest" time="9.738" errors="0" timestamp="2024-12-13T21:05:53 IST" skipped="0">
  <testcase classname="seleniumQA.WebTablesSortTest" name="sortedTableTest" time="9.738"/>
</testsuite> <!-- seleniumQA.WebTablesSortTest -->
