<?xml version="1.0" encoding="UTF-8"?>
<!-- Generated by org.testng.reporters.JUnitReportReporter -->
<testsuite hostname="DESKTOP-Q1BOVCQ" failures="0" tests="2" name="seleniumFrameworkPractice.refactor.tests.PlaceOrderTest" time="27.987" errors="0" timestamp="2025-01-02T07:58:28 IST" skipped="0">
  <testcase classname="seleniumFrameworkPractice.refactor.tests.PlaceOrderTest" name="SubmitOrderTest" time="21.671"/>
  <testcase classname="seleniumFrameworkPractice.refactor.tests.PlaceOrderTest" name="OrderpageProductValidation" time="6.316"/>
</testsuite> <!-- seleniumFrameworkPractice.refactor.tests.PlaceOrderTest -->
